<?xml version="1.0" encoding="UTF-8"?>
<!-- Generated by org.testng.reporters.JUnitXMLReporter -->
<testsuite ignored="8" hostname="ASUS" failures="0" tests="3" name="Test" time="43.497" errors="0" timestamp="2024-05-24T11:35:46 IST">
  <testcase classname="listeners.TC_AddToCartProductInDWS" name="AddtoCart" time="5.31"/>
  <testcase classname="listeners.TC_SearchProducts" name="SearchProduct" time="1.254"/>
  <testcase classname="listeners.TC_GiftCard_form" name="fillForm" time="1.179"/>
  <testcase classname="testNgBasic.BaseClass" name="@AfterTest at" time="0.0">
    <ignored/>
  </testcase> <!-- @AfterTest at -->
  <testcase classname="testNgBasic.BaseClass" name="@AfterTest at" time="0.0">
    <ignored/>
  </testcase> <!-- @AfterTest at -->
  <testcase classname="testNgBasic.BaseClass" name="@BeforeTest Bt" time="0.0">
    <ignored/>
  </testcase> <!-- @BeforeTest Bt -->
  <testcase classname="testNgBasic.BaseClass" name="@BeforeTest Bt" time="0.0">
    <ignored/>
  </testcase> <!-- @BeforeTest Bt -->
  <testcase classname="testNgBasic.BaseClass" name="@AfterSuite as" time="0.0">
    <ignored/>
  </testcase> <!-- @AfterSuite as -->
  <testcase classname="testNgBasic.BaseClass" name="@AfterSuite as" time="0.0">
    <ignored/>
  </testcase> <!-- @AfterSuite as -->
  <testcase classname="testNgBasic.BaseClass" name="@BeforeSuite BS" time="0.0">
    <ignored/>
  </testcase> <!-- @BeforeSuite BS -->
  <testcase classname="testNgBasic.BaseClass" name="@BeforeSuite BS" time="0.0">
    <ignored/>
  </testcase> <!-- @BeforeSuite BS -->
</testsuite> <!-- Test -->
