<?xml version="1.0" encoding="UTF-8"?>
<!-- Generated by org.testng.reporters.JUnitXMLReporter -->
<testsuite ignored="0" hostname="ASUS" failures="0" tests="5" name="Test" time="157.895" errors="0" timestamp="2024-05-27T09:20:37 IST">
  <testcase classname="shoes.Shoes1" name="adidas" time="8.957"/>
  <testcase classname="shoes.Shoes4" name="fila" time="49.748"/>
  <testcase classname="shoes.Shoes2" name="puma" time="61.803"/>
  <testcase classname="shoes.Shoes3" name="nike" time="95.65"/>
  <testcase classname="shoes.Shoes5" name="adidas" time="157.854"/>
</testsuite> <!-- Test -->
